<?xml version="1.0" encoding="UTF-8"?>
<testsuite name="test.cicdtest.CicdTestApplicationTests" tests="1" skipped="0" failures="0" errors="0" timestamp="2021-07-20T13:32:21" hostname="DESKTOP-SAL6G23" time="0.362">
  <properties/>
  <testcase name="contextLoads()" classname="test.cicdtest.CicdTestApplicationTests" time="0.362"/>
  <system-out><![CDATA[22:32:18.289 [Test worker] DEBUG org.springframework.test.context.BootstrapUtils - Instantiating CacheAwareContextLoaderDelegate from class [org.springframework.test.context.cache.DefaultCacheAwareContextLoaderDelegate]
22:32:18.306 [Test worker] DEBUG org.springframework.test.context.BootstrapUtils - Instantiating BootstrapContext using constructor [public org.springframework.test.context.support.DefaultBootstrapContext(java.lang.Class,org.springframework.test.context.CacheAwareContextLoaderDelegate)]
22:32:18.350 [Test worker] DEBUG org.springframework.test.context.BootstrapUtils - Instantiating TestContextBootstrapper for test class [test.cicdtest.CicdTestApplicationTests] from class [org.springframework.boot.test.context.SpringBootTestContextBootstrapper]
22:32:18.364 [Test worker] INFO org.springframework.boot.test.context.SpringBootTestContextBootstrapper - Neither @ContextConfiguration nor @ContextHierarchy found for test class [test.cicdtest.CicdTestApplicationTests], using SpringBootContextLoader
22:32:18.370 [Test worker] DEBUG org.springframework.test.context.support.AbstractContextLoader - Did not detect default resource location for test class [test.cicdtest.CicdTestApplicationTests]: class path resource [test/cicdtest/CicdTestApplicationTests-context.xml] does not exist
22:32:18.371 [Test worker] DEBUG org.springframework.test.context.support.AbstractContextLoader - Did not detect default resource location for test class [test.cicdtest.CicdTestApplicationTests]: class path resource [test/cicdtest/CicdTestApplicationTestsContext.groovy] does not exist
22:32:18.371 [Test worker] INFO org.springframework.test.context.support.AbstractContextLoader - Could not detect default resource locations for test class [test.cicdtest.CicdTestApplicationTests]: no resource found for suffixes {-context.xml, Context.groovy}.
22:32:18.372 [Test worker] INFO org.springframework.test.context.support.AnnotationConfigContextLoaderUtils - Could not detect default configuration classes for test class [test.cicdtest.CicdTestApplicationTests]: CicdTestApplicationTests does not declare any static, non-private, non-final, nested classes annotated with @Configuration.
22:32:18.427 [Test worker] DEBUG org.springframework.test.context.support.ActiveProfilesUtils - Could not find an 'annotation declaring class' for annotation type [org.springframework.test.context.ActiveProfiles] and class [test.cicdtest.CicdTestApplicationTests]
22:32:18.508 [Test worker] DEBUG org.springframework.context.annotation.ClassPathScanningCandidateComponentProvider - Identified candidate component class: file [D:\2021.07.18_spring_study\cicd-test\build\classes\java\main\test\cicdtest\CicdTestApplication.class]
22:32:18.509 [Test worker] INFO org.springframework.boot.test.context.SpringBootTestContextBootstrapper - Found @SpringBootConfiguration test.cicdtest.CicdTestApplication for test class test.cicdtest.CicdTestApplicationTests
22:32:18.636 [Test worker] DEBUG org.springframework.boot.test.context.SpringBootTestContextBootstrapper - @TestExecutionListeners is not present for class [test.cicdtest.CicdTestApplicationTests]: using defaults.
22:32:18.637 [Test worker] INFO org.springframework.boot.test.context.SpringBootTestContextBootstrapper - Loaded default TestExecutionListener class names from location [META-INF/spring.factories]: [org.springframework.boot.test.autoconfigure.restdocs.RestDocsTestExecutionListener, org.springframework.boot.test.autoconfigure.web.client.MockRestServiceServerResetTestExecutionListener, org.springframework.boot.test.autoconfigure.web.servlet.MockMvcPrintOnlyOnFailureTestExecutionListener, org.springframework.boot.test.autoconfigure.web.servlet.WebDriverTestExecutionListener, org.springframework.boot.test.autoconfigure.webservices.client.MockWebServiceServerTestExecutionListener, org.springframework.boot.test.mock.mockito.MockitoTestExecutionListener, org.springframework.boot.test.mock.mockito.ResetMocksTestExecutionListener, org.springframework.test.context.web.ServletTestExecutionListener, org.springframework.test.context.support.DirtiesContextBeforeModesTestExecutionListener, org.springframework.test.context.event.ApplicationEventsTestExecutionListener, org.springframework.test.context.support.DependencyInjectionTestExecutionListener, org.springframework.test.context.support.DirtiesContextTestExecutionListener, org.springframework.test.context.transaction.TransactionalTestExecutionListener, org.springframework.test.context.jdbc.SqlScriptsTestExecutionListener, org.springframework.test.context.event.EventPublishingTestExecutionListener]
22:32:18.651 [Test worker] DEBUG org.springframework.boot.test.context.SpringBootTestContextBootstrapper - Skipping candidate TestExecutionListener [org.springframework.test.context.transaction.TransactionalTestExecutionListener] due to a missing dependency. Specify custom listener classes or make the default listener classes and their required dependencies available. Offending class: [org/springframework/transaction/interceptor/TransactionAttributeSource]
22:32:18.652 [Test worker] DEBUG org.springframework.boot.test.context.SpringBootTestContextBootstrapper - Skipping candidate TestExecutionListener [org.springframework.test.context.jdbc.SqlScriptsTestExecutionListener] due to a missing dependency. Specify custom listener classes or make the default listener classes and their required dependencies available. Offending class: [org/springframework/transaction/interceptor/TransactionAttribute]
22:32:18.653 [Test worker] INFO org.springframework.boot.test.context.SpringBootTestContextBootstrapper - Using TestExecutionListeners: [org.springframework.test.context.web.ServletTestExecutionListener@288ca5f3, org.springframework.test.context.support.DirtiesContextBeforeModesTestExecutionListener@5af9d939, org.springframework.test.context.event.ApplicationEventsTestExecutionListener@2738ccec, org.springframework.boot.test.mock.mockito.MockitoTestExecutionListener@1de1356f, org.springframework.boot.test.autoconfigure.SpringBootDependencyInjectionTestExecutionListener@500fa81d, org.springframework.test.context.support.DirtiesContextTestExecutionListener@442b8334, org.springframework.test.context.event.EventPublishingTestExecutionListener@259578f1, org.springframework.boot.test.autoconfigure.restdocs.RestDocsTestExecutionListener@31cb6b61, org.springframework.boot.test.autoconfigure.web.client.MockRestServiceServerResetTestExecutionListener@1ca97205, org.springframework.boot.test.autoconfigure.web.servlet.MockMvcPrintOnlyOnFailureTestExecutionListener@4837087, org.springframework.boot.test.autoconfigure.web.servlet.WebDriverTestExecutionListener@adfc216, org.springframework.boot.test.autoconfigure.webservices.client.MockWebServiceServerTestExecutionListener@60a5204f, org.springframework.boot.test.mock.mockito.ResetMocksTestExecutionListener@374b4f04]
22:32:18.673 [Test worker] DEBUG org.springframework.test.context.support.AbstractDirtiesContextTestExecutionListener - Before test class: context [DefaultTestContext@41723a65 testClass = CicdTestApplicationTests, testInstance = [null], testMethod = [null], testException = [null], mergedContextConfiguration = [WebMergedContextConfiguration@38b85a51 testClass = CicdTestApplicationTests, locations = '{}', classes = '{class test.cicdtest.CicdTestApplication}', contextInitializerClasses = '[]', activeProfiles = '{}', propertySourceLocations = '{}', propertySourceProperties = '{org.springframework.boot.test.context.SpringBootTestContextBootstrapper=true}', contextCustomizers = set[org.springframework.boot.test.autoconfigure.actuate.metrics.MetricsExportContextCustomizerFactory$DisableMetricExportContextCustomizer@25b2ddd3, org.springframework.boot.test.autoconfigure.properties.PropertyMappingContextCustomizer@0, org.springframework.boot.test.autoconfigure.web.servlet.WebDriverContextCustomizerFactory$Customizer@5f1e7669, org.springframework.boot.test.context.filter.ExcludeFilterContextCustomizer@2f5b057f, org.springframework.boot.test.json.DuplicateJsonObjectContextCustomizerFactory$DuplicateJsonObjectContextCustomizer@4d38d1ba, org.springframework.boot.test.mock.mockito.MockitoContextCustomizer@0, org.springframework.boot.test.web.client.TestRestTemplateContextCustomizer@12f103d9, org.springframework.boot.test.context.SpringBootTestArgs@1, org.springframework.boot.test.context.SpringBootTestWebEnvironment@34565d71], resourceBasePath = 'src/main/webapp', contextLoader = 'org.springframework.boot.test.context.SpringBootContextLoader', parent = [null]], attributes = map['org.springframework.test.context.web.ServletTestExecutionListener.activateListener' -> true]], class annotated with @DirtiesContext [false] with mode [null].
22:32:18.713 [Test worker] DEBUG org.springframework.test.context.support.TestPropertySourceUtils - Adding inlined properties to environment: {spring.jmx.enabled=false, org.springframework.boot.test.context.SpringBootTestContextBootstrapper=true}

  .   ____          _            __ _ _
 /\\ / ___'_ __ _ _(_)_ __  __ _ \ \ \ \
( ( )\___ | '_ | '_| | '_ \/ _` | \ \ \ \
 \\/  ___)| |_)| | | | | || (_| |  ) ) ) )
  '  |____| .__|_| |_|_| |_\__, | / / / /
 =========|_|==============|___/=/_/_/_/
 :: Spring Boot ::                (v2.5.2)

2021-07-20 22:32:19.085  INFO 13612 --- [    Test worker] test.cicdtest.CicdTestApplicationTests   : Starting CicdTestApplicationTests using Java 11.0.11 on DESKTOP-SAL6G23 with PID 13612 (started by mkleeyd in D:\2021.07.18_spring_study\cicd-test)
2021-07-20 22:32:19.089  INFO 13612 --- [    Test worker] test.cicdtest.CicdTestApplicationTests   : No active profile set, falling back to default profiles: default
2021-07-20 22:32:21.020  INFO 13612 --- [    Test worker] test.cicdtest.CicdTestApplicationTests   : Started CicdTestApplicationTests in 2.298 seconds (JVM running for 4.728)
]]></system-out>
  <system-err><![CDATA[]]></system-err>
</testsuite>
